<?xml version="1.0" encoding="UTF-8"?>
<testsuite xmlns:xsi="http://www.w3.org/2001/XMLSchema-instance" xsi:noNamespaceSchemaLocation="https://maven.apache.org/surefire/maven-surefire-plugin/xsd/surefire-test-report.xsd" name="com.githhub.thiagomagano.AppTest" time="0.044" tests="2" errors="0" skipped="0" failures="0">
  <properties>
[...]
</properties>
  <testcase name="shouldCalculateTipCorrect" classname="com.githhub.thiagomagano.AppTest" time="0.004"/>
  <testcase name="shouldCalculateTotalBill" classname="com.githhub.thiagomagano.AppTest" time="0"/>
</testsuite>